2020-03-31 01:44:07,824 INFO  o.j.s.tcp.TcpProtocolHandler[43]: J-IM TCP协议初始化完毕...
2020-03-31 01:44:08,312 INFO  org.jim.server.http.mvc.Routes[170]: class  mapping
{
	"/webim":"org.jim.server.http.api.WebImController",
	"/api":"org.jim.server.http.api.HttpApiController",
	"/test":"org.jim.server.http.api.TestController"
}
2020-03-31 01:44:08,314 INFO  org.jim.server.http.mvc.Routes[172]: method mapping
{
	"/test/html":"org.jim.server.http.api.TestController.html(request)",
	"/test/filetest":"org.jim.server.http.api.TestController.filetest(request)",
	"/test/abtest":"org.jim.server.http.api.TestController.abtest(request)",
	"/test/txt":"org.jim.server.http.api.TestController.txt(request)",
	"/test/upload":"org.jim.server.http.api.TestController.upload(uploadFile,before,end,request)",
	"/test/bean":"org.jim.server.http.api.TestController.bean(user,request)",
	"/test/json":"org.jim.server.http.api.TestController.json(request)",
	"/test/post":"org.jim.server.http.api.TestController.post(before,end,request)",
	"/test/plain":"org.jim.server.http.api.TestController.plain(before,end,request)",
	"/api/user/online":"org.jim.server.http.api.HttpApiController.online(request,httpConfig,channelContext)",
	"/api/message/send":"org.jim.server.http.api.HttpApiController.chat(request,httpConfig,channelContext)",
	"/test/putsession":"org.jim.server.http.api.TestController.putsession(value,request)",
	"/api/user/close":"org.jim.server.http.api.HttpApiController.close(request,httpConfig,channelContext)",
	"/test/filetest.zip":"org.jim.server.http.api.TestController.filetest_zip(request)",
	"/test/getsession":"org.jim.server.http.api.TestController.getsession(request)"
}
2020-03-31 01:44:08,317 INFO  o.j.s.http.HttpProtocolHandler[77]: J-IM Http协议初始化完毕,耗时:478ms
2020-03-31 01:44:08,319 INFO  o.j.s.ws.WsProtocolHandler[67]: J-IM WebSocket协议初始化完毕...
2020-03-31 01:44:08,405 INFO  org.tio.server.TioServer[352]: 
|----------------------------------------------------------------------------------------|
| t-io site         | https://www.t-io.org                                               |
| t-io on gitee     | https://gitee.com/tywo45/t-io                                      |
| t-io on github    | https://github.com/tywo45/t-io                                     |
| t-io version      | 3.5.8.v20191228-RELEASE                                            |
| ---------------------------------------------------------------------------------------|
| TioConfig name    | j-im                                                               |
| Started at        | 2020-03-31 01:44:08                                                |
| Listen on         | 127.0.0.1:8888                                                     |
| Main Class        | org.jim.server.demo.ImServerDemoStart                              |
| Jvm start time    | 2302ms                                                             |
| Tio start time    | 68ms                                                               |
| Pid               | 97007                                                              |
|----------------------------------------------------------------------------------------|

2020-03-31 01:44:09,754 INFO  org.tio.server.TioServer[435]: t-io latest version:3.6.0.v20200315-RELEASE，your version:3.5.8.v20191228-RELEASE
2020-03-31 01:44:09,757 INFO  org.tio.server.TioServer[446]: You haven't upgraded in 78 days
2020-03-31 01:44:17,783 INFO  org.tio.server.ServerTioConfig[314]: j-im, 用户取消了框架层面的心跳检测，如果业务需要，请用户自己去完成心跳检测
2020-03-31 01:44:21,651 INFO  o.j.s.h.DefaultHttpRequestHandler[335]: org.jim.server.ImServerChannelContext@2fd05977 创建会话Cookie, jimIxO=739778f2e1a947e083984fb91387a3e0; Domain=localhost:8888; Max-Age=1800; Path=/
2020-03-31 01:44:21,657 INFO  o.j.c.http.HttpResponseEncoder[74]: org.jim.server.ImServerChannelContext@2fd05977, set-cookie:jimIxO=739778f2e1a947e083984fb91387a3e0; Domain=localhost:8888; Max-Age=1800; Path=/
2020-03-31 01:44:21,997 INFO  o.j.s.h.DefaultHttpRequestHandler[335]: org.jim.server.ImServerChannelContext@2fd05977 创建会话Cookie, jimIxO=b15ea5d5e82542a391e059a9308039f0; Domain=localhost:8888; Max-Age=1800; Path=/
2020-03-31 01:44:21,998 INFO  o.j.c.http.HttpResponseEncoder[74]: org.jim.server.ImServerChannelContext@2fd05977, set-cookie:jimIxO=b15ea5d5e82542a391e059a9308039f0; Domain=localhost:8888; Max-Age=1800; Path=/
2020-03-31 01:44:22,194 INFO  o.j.s.h.DefaultHttpRequestHandler[335]: org.jim.server.ImServerChannelContext@2fd05977 创建会话Cookie, jimIxO=e2a6c7b767204c588c87430cc214c895; Domain=localhost:8888; Max-Age=1800; Path=/
2020-03-31 01:44:22,194 INFO  o.j.c.http.HttpResponseEncoder[74]: org.jim.server.ImServerChannelContext@2fd05977, set-cookie:jimIxO=e2a6c7b767204c588c87430cc214c895; Domain=localhost:8888; Max-Age=1800; Path=/
2020-03-31 01:44:23,048 INFO  o.j.s.h.DefaultHttpRequestHandler[335]: org.jim.server.ImServerChannelContext@2fd05977 创建会话Cookie, jimIxO=f30bd29ca61a4c05abd44684d4dda50b; Domain=localhost:8888; Max-Age=1800; Path=/
2020-03-31 01:44:23,049 INFO  o.j.c.http.HttpResponseEncoder[74]: org.jim.server.ImServerChannelContext@2fd05977, set-cookie:jimIxO=f30bd29ca61a4c05abd44684d4dda50b; Domain=localhost:8888; Max-Age=1800; Path=/
2020-03-31 01:44:23,103 INFO  o.j.s.h.DefaultHttpRequestHandler[335]: org.jim.server.ImServerChannelContext@2fd05977 创建会话Cookie, jimIxO=e6ce30a5432143a7bb1f0ebc130e710f; Domain=localhost:8888; Max-Age=1800; Path=/
2020-03-31 01:44:23,103 INFO  o.j.c.http.HttpResponseEncoder[74]: org.jim.server.ImServerChannelContext@2fd05977, set-cookie:jimIxO=e6ce30a5432143a7bb1f0ebc130e710f; Domain=localhost:8888; Max-Age=1800; Path=/
2020-03-31 01:44:23,126 INFO  o.j.s.h.DefaultHttpRequestHandler[335]: org.jim.server.ImServerChannelContext@2fd05977 创建会话Cookie, jimIxO=5c7100c809f842388b30f5eb71747aa8; Domain=localhost:8888; Max-Age=1800; Path=/
2020-03-31 01:44:23,127 INFO  o.j.c.http.HttpResponseEncoder[74]: org.jim.server.ImServerChannelContext@2fd05977, set-cookie:jimIxO=5c7100c809f842388b30f5eb71747aa8; Domain=localhost:8888; Max-Age=1800; Path=/
2020-03-31 01:44:23,682 INFO  o.j.s.h.DefaultHttpRequestHandler[335]: org.jim.server.ImServerChannelContext@2fd05977 创建会话Cookie, jimIxO=663bca4acf504991ae43673bc49169ae; Domain=localhost:8888; Max-Age=1800; Path=/
2020-03-31 01:44:23,682 INFO  o.j.c.http.HttpResponseEncoder[74]: org.jim.server.ImServerChannelContext@2fd05977, set-cookie:jimIxO=663bca4acf504991ae43673bc49169ae; Domain=localhost:8888; Max-Age=1800; Path=/
2020-03-31 01:44:23,721 INFO  o.j.s.h.DefaultHttpRequestHandler[335]: org.jim.server.ImServerChannelContext@2fd05977 创建会话Cookie, jimIxO=d205a4d408114608ae83df5bf370b709; Domain=localhost:8888; Max-Age=1800; Path=/
2020-03-31 01:44:23,722 INFO  o.j.c.http.HttpResponseEncoder[74]: org.jim.server.ImServerChannelContext@2fd05977, set-cookie:jimIxO=d205a4d408114608ae83df5bf370b709; Domain=localhost:8888; Max-Age=1800; Path=/
2020-03-31 01:44:23,750 INFO  o.j.s.h.DefaultHttpRequestHandler[335]: org.jim.server.ImServerChannelContext@2fd05977 创建会话Cookie, jimIxO=3cf19702a2884faca8e253b46e7f44d6; Domain=localhost:8888; Max-Age=1800; Path=/
2020-03-31 01:44:23,750 INFO  o.j.c.http.HttpResponseEncoder[74]: org.jim.server.ImServerChannelContext@2fd05977, set-cookie:jimIxO=3cf19702a2884faca8e253b46e7f44d6; Domain=localhost:8888; Max-Age=1800; Path=/
2020-03-31 01:44:24,090 INFO  o.j.s.h.DefaultHttpRequestHandler[335]: org.jim.server.ImServerChannelContext@2fd05977 创建会话Cookie, jimIxO=a2425996401742f0877c85c1c6f1fdfe; Domain=localhost:8888; Max-Age=1800; Path=/
2020-03-31 01:44:24,091 INFO  o.j.c.http.HttpResponseEncoder[74]: org.jim.server.ImServerChannelContext@2fd05977, set-cookie:jimIxO=a2425996401742f0877c85c1c6f1fdfe; Domain=localhost:8888; Max-Age=1800; Path=/
2020-03-31 01:44:24,126 INFO  o.j.s.h.DefaultHttpRequestHandler[335]: org.jim.server.ImServerChannelContext@2fd05977 创建会话Cookie, jimIxO=7ad17158c1f1490dbc2bd6e04d299846; Domain=localhost:8888; Max-Age=1800; Path=/
2020-03-31 01:44:24,127 INFO  o.j.c.http.HttpResponseEncoder[74]: org.jim.server.ImServerChannelContext@2fd05977, set-cookie:jimIxO=7ad17158c1f1490dbc2bd6e04d299846; Domain=localhost:8888; Max-Age=1800; Path=/
2020-03-31 01:44:24,151 INFO  o.j.s.h.DefaultHttpRequestHandler[335]: org.jim.server.ImServerChannelContext@2fd05977 创建会话Cookie, jimIxO=4f5e6af22257418bb0de09b8ab068232; Domain=localhost:8888; Max-Age=1800; Path=/
2020-03-31 01:44:24,152 INFO  o.j.c.http.HttpResponseEncoder[74]: org.jim.server.ImServerChannelContext@2fd05977, set-cookie:jimIxO=4f5e6af22257418bb0de09b8ab068232; Domain=localhost:8888; Max-Age=1800; Path=/
2020-03-31 01:44:26,324 INFO  o.j.s.d.s.LoginServiceProcessor[146]: 登录成功回调方法
2020-03-31 01:44:28,006 INFO  o.tio.core.task.CloseRunnable[284]: ServerTioConfig [name=j-im], server:127.0.0.1:8888, client:127.0.0.1:55420 准备关闭连接, isNeedRemove:true, 收到关闭请求
2020-03-31 01:44:28,007 INFO  org.tio.core.ChannelContext[592]: 关闭前server:127.0.0.1:8888, client:127.0.0.1:55420, 关闭后server:127.0.0.1:8888, client:$UNKNOWN:1
2020-03-31 01:44:35,008 INFO  o.tio.core.task.CloseRunnable[284]: ServerTioConfig [name=j-im], server:127.0.0.1:8888, client:127.0.0.1:55349 准备关闭连接, isNeedRemove:true, 对方关闭了连接
2020-03-31 01:44:35,008 INFO  org.tio.core.ChannelContext[592]: 关闭前server:127.0.0.1:8888, client:127.0.0.1:55349, 关闭后server:127.0.0.1:8888, client:$UNKNOWN:2
2020-03-31 01:45:07,397 INFO  o.j.s.tcp.TcpProtocolHandler[43]: J-IM TCP协议初始化完毕...
2020-03-31 01:45:07,802 INFO  org.jim.server.http.mvc.Routes[170]: class  mapping
{
	"/webim":"org.jim.server.http.api.WebImController",
	"/api":"org.jim.server.http.api.HttpApiController",
	"/test":"org.jim.server.http.api.TestController"
}
2020-03-31 01:45:07,807 INFO  org.jim.server.http.mvc.Routes[172]: method mapping
{
	"/test/html":"org.jim.server.http.api.TestController.html(request)",
	"/test/filetest":"org.jim.server.http.api.TestController.filetest(request)",
	"/test/abtest":"org.jim.server.http.api.TestController.abtest(request)",
	"/test/txt":"org.jim.server.http.api.TestController.txt(request)",
	"/test/upload":"org.jim.server.http.api.TestController.upload(uploadFile,before,end,request)",
	"/test/bean":"org.jim.server.http.api.TestController.bean(user,request)",
	"/test/json":"org.jim.server.http.api.TestController.json(request)",
	"/test/post":"org.jim.server.http.api.TestController.post(before,end,request)",
	"/test/plain":"org.jim.server.http.api.TestController.plain(before,end,request)",
	"/api/user/online":"org.jim.server.http.api.HttpApiController.online(request,httpConfig,channelContext)",
	"/api/message/send":"org.jim.server.http.api.HttpApiController.chat(request,httpConfig,channelContext)",
	"/test/putsession":"org.jim.server.http.api.TestController.putsession(value,request)",
	"/api/user/close":"org.jim.server.http.api.HttpApiController.close(request,httpConfig,channelContext)",
	"/test/filetest.zip":"org.jim.server.http.api.TestController.filetest_zip(request)",
	"/test/getsession":"org.jim.server.http.api.TestController.getsession(request)"
}
2020-03-31 01:45:07,810 INFO  o.j.s.http.HttpProtocolHandler[77]: J-IM Http协议初始化完毕,耗时:409ms
2020-03-31 01:45:07,811 INFO  o.j.s.ws.WsProtocolHandler[67]: J-IM WebSocket协议初始化完毕...
2020-03-31 01:45:45,425 INFO  org.tio.server.ServerTioConfig[314]: j-im, 用户取消了框架层面的心跳检测，如果业务需要，请用户自己去完成心跳检测
2020-03-31 01:46:01,987 INFO  org.tio.server.TioServer[352]: 
|----------------------------------------------------------------------------------------|
| t-io site         | https://www.t-io.org                                               |
| t-io on gitee     | https://gitee.com/tywo45/t-io                                      |
| t-io on github    | https://github.com/tywo45/t-io                                     |
| t-io version      | 3.5.8.v20191228-RELEASE                                            |
| ---------------------------------------------------------------------------------------|
| TioConfig name    | j-im                                                               |
| Started at        | 2020-03-31 01:46:01                                                |
| Listen on         | 127.0.0.1:8888                                                     |
| Main Class        | org.jim.server.demo.ImServerDemoStart                              |
| Jvm start time    | 56204ms                                                            |
| Tio start time    | 123ms                                                              |
| Pid               | 97190                                                              |
|----------------------------------------------------------------------------------------|

2020-03-31 01:46:02,726 INFO  org.tio.server.TioServer[435]: t-io latest version:3.6.0.v20200315-RELEASE，your version:3.5.8.v20191228-RELEASE
2020-03-31 01:46:02,729 INFO  org.tio.server.TioServer[446]: You haven't upgraded in 78 days
